<?xml version="1.0" encoding="UTF-8"?>
<!-- Generated by org.testng.reporters.JUnitXMLReporter -->
<testsuite ignored="0" hostname="Deeps" failures="0" tests="4" name="Authentication Tests" time="70.129" errors="0" timestamp="2026-04-14T21:09:34 IST">
  <testcase classname="com.srm.qualityhr.tests.AuthTests" name="verifyLoginScenarios" time="9.754"/>
  <testcase classname="com.srm.qualityhr.tests.AuthTests" name="verifyLoginScenarios" time="14.887"/>
  <testcase classname="com.srm.qualityhr.tests.AuthTests" name="verifyLoginWithEmptyCredentialsShowsValidation" time="11.683"/>
  <testcase classname="com.srm.qualityhr.tests.AuthTests" name="verifyLogoutRedirectsToLoginPage" time="22.87"/>
</testsuite> <!-- Authentication Tests -->
