<?xml version="1.0" encoding="UTF-8"?>
<!-- Generated by org.testng.reporters.JUnitXMLReporter -->
<testsuite ignored="0" hostname="Deeps" failures="1" tests="2" name="Employee Management Tests" time="53.605" errors="0" timestamp="2026-04-14T21:10:28 IST">
  <testcase classname="com.srm.qualityhr.tests.EmployeeManagementTests" name="addSearchAndEditEmployeeRecord" time="24.661">
    <failure type="java.lang.AssertionError" message="Employee record opened with an unexpected name expected [John140426210949 QA] but found []">
      <![CDATA[java.lang.AssertionError: Employee record opened with an unexpected name expected [John140426210949 QA] but found []
at com.srm.qualityhr.tests.EmployeeManagementTests.addSearchAndEditEmployeeRecord(EmployeeManagementTests.java:33)
at java.base/java.util.ArrayList.forEach(ArrayList.java:1596)
... Removed 30 stack frames]]>
    </failure>
  </testcase> <!-- addSearchAndEditEmployeeRecord -->
  <testcase classname="com.srm.qualityhr.tests.EmployeeManagementTests" name="searchWithInvalidEmployeeNameShowsNoResults" time="8.418"/>
</testsuite> <!-- Employee Management Tests -->
