<?xml version="1.0" encoding="UTF-8"?>
<!-- Generated by org.testng.reporters.JUnitXMLReporter -->
<testsuite ignored="0" hostname="Deeps" failures="0" tests="3" name="Form Validation Tests" time="45.085" errors="0" timestamp="2026-04-14T21:12:27 IST">
  <testcase classname="com.srm.qualityhr.tests.FormValidationTests" name="addEmployeeFormShowsMandatoryFieldErrors" time="5.426"/>
  <testcase classname="com.srm.qualityhr.tests.FormValidationTests" name="dropdownFieldsShowOptionsAndMyInfoModuleLoads" time="5.872"/>
  <testcase classname="com.srm.qualityhr.tests.FormValidationTests" name="invalidDateFormatShowsValidation" time="5.853"/>
</testsuite> <!-- Form Validation Tests -->
