<?xml version="1.0" encoding="UTF-8"?>
<!-- Generated by org.testng.reporters.JUnitReportReporter -->
<testsuite hostname="Deeps" failures="0" tests="4" name="com.srm.qualityhr.tests.AuthTests" time="69.004" errors="0" timestamp="2026-04-14T21:12:27 IST" skipped="0">
  <testcase classname="com.srm.qualityhr.tests.AuthTests" name="verifyLoginWithEmptyCredentialsShowsValidation" time="15.411"/>
  <testcase classname="com.srm.qualityhr.tests.AuthTests" name="verifyLoginScenarios" time="11.310"/>
  <testcase classname="com.srm.qualityhr.tests.AuthTests" name="verifyLogoutRedirectsToLoginPage" time="25.856"/>
  <testcase classname="com.srm.qualityhr.tests.AuthTests" name="verifyLoginScenarios" time="16.427"/>
</testsuite> <!-- com.srm.qualityhr.tests.AuthTests -->
