<?xml version="1.0" encoding="UTF-8"?>
<!-- Generated by org.testng.reporters.JUnitReportReporter -->
<testsuite hostname="Deeps" failures="0" tests="3" name="com.srm.qualityhr.tests.FormValidationTests" time="45.069" errors="0" timestamp="2026-04-14T21:12:27 IST" skipped="0">
  <testcase classname="com.srm.qualityhr.tests.FormValidationTests" name="addEmployeeFormShowsMandatoryFieldErrors" time="13.813"/>
  <testcase classname="com.srm.qualityhr.tests.FormValidationTests" name="dropdownFieldsShowOptionsAndMyInfoModuleLoads" time="15.928"/>
  <testcase classname="com.srm.qualityhr.tests.FormValidationTests" name="invalidDateFormatShowsValidation" time="15.328"/>
</testsuite> <!-- com.srm.qualityhr.tests.FormValidationTests -->
